# JRE version: Java(TM) SE Runtime Environment (8.0_181-b13) (build 1.8.0_181-b13)
# Java VM: Java HotSpot(TM) 64-Bit Server VM (25.181-b13 mixed mode windows-amd64 compressed oops)
Heap:
 PSYoungGen      total 142336K, used 81513K [0x00000000da180000, 0x00000000e3780000, 0x0000000100000000)
  eden space 131072K, 62% used [0x00000000da180000,0x00000000df11a6b0,0x00000000e2180000)
  from space 11264K, 0% used [0x00000000e2c80000,0x00000000e2c80000,0x00000000e3780000)
  to   space 11264K, 0% used [0x00000000e2180000,0x00000000e2180000,0x00000000e2c80000)
 ParOldGen       total 69632K, used 14486K [0x000000008e400000, 0x0000000092800000, 0x00000000da180000)
  object space 69632K, 20% used [0x000000008e400000,0x000000008f225808,0x0000000092800000)
 Metaspace       used 27577K, capacity 28438K, committed 28672K, reserved 1075200K
  class space    used 3332K, capacity 3552K, committed 3584K, reserved 1048576K
GC Heap History (10 events):
Event: 1.860 GC heap before
{Heap before GC invocations=3 (full 0):
 PSYoungGen      total 37888K, used 37654K [0x00000000da180000, 0x00000000deb80000, 0x0000000100000000)
  eden space 32768K, 99% used [0x00000000da180000,0x00000000dc14df30,0x00000000dc180000)
  from space 5120K, 99% used [0x00000000dc680000,0x00000000dcb77990,0x00000000dcb80000)
  to   space 5120K, 0% used [0x00000000dc180000,0x00000000dc180000,0x00000000dc680000)
 ParOldGen       total 86016K, used 16K [0x000000008e400000, 0x0000000093800000, 0x00000000da180000)
  object space 86016K, 0% used [0x000000008e400000,0x000000008e404000,0x0000000093800000)
 Metaspace       used 11318K, capacity 11414K, committed 11520K, reserved 1058816K
  class space    used 1243K, capacity 1268K, committed 1280K, reserved 1048576K
Event: 1.866 GC heap after
Heap after GC invocations=3 (full 0):
 PSYoungGen      total 37888K, used 5103K [0x00000000da180000, 0x00000000deb80000, 0x0000000100000000)
  eden space 32768K, 0% used [0x00000000da180000,0x00000000da180000,0x00000000dc180000)
  from space 5120K, 99% used [0x00000000dc180000,0x00000000dc67bc90,0x00000000dc680000)
  to   space 5120K, 0% used [0x00000000de680000,0x00000000de680000,0x00000000deb80000)
 ParOldGen       total 86016K, used 458K [0x000000008e400000, 0x0000000093800000, 0x00000000da180000)
  object space 86016K, 0% used [0x000000008e400000,0x000000008e472898,0x0000000093800000)
 Metaspace       used 11318K, capacity 11414K, committed 11520K, reserved 1058816K
  class space    used 1243K, capacity 1268K, committed 1280K, reserved 1048576K
}
Event: 2.447 GC heap before
{Heap before GC invocations=4 (full 0):
 PSYoungGen      total 37888K, used 37871K [0x00000000da180000, 0x00000000deb80000, 0x0000000100000000)
  eden space 32768K, 100% used [0x00000000da180000,0x00000000dc180000,0x00000000dc180000)
  from space 5120K, 99% used [0x00000000dc180000,0x00000000dc67bc90,0x00000000dc680000)
  to   space 5120K, 0% used [0x00000000de680000,0x00000000de680000,0x00000000deb80000)
 ParOldGen       total 86016K, used 458K [0x000000008e400000, 0x0000000093800000, 0x00000000da180000)
  object space 86016K, 0% used [0x000000008e400000,0x000000008e472898,0x0000000093800000)
 Metaspace       used 16261K, capacity 16432K, committed 16768K, reserved 1064960K
  class space    used 1767K, capacity 1837K, committed 1920K, reserved 1048576K
Event: 2.464 GC heap after
Heap after GC invocations=4 (full 0):
 PSYoungGen      total 70656K, used 5109K [0x00000000da180000, 0x00000000deb80000, 0x0000000100000000)
  eden space 65536K, 0% used [0x00000000da180000,0x00000000da180000,0x00000000de180000)
  from space 5120K, 99% used [0x00000000de680000,0x00000000deb7d790,0x00000000deb80000)
  to   space 5120K, 0% used [0x00000000de180000,0x00000000de180000,0x00000000de680000)
 ParOldGen       total 86016K, used 2987K [0x000000008e400000, 0x0000000093800000, 0x00000000da180000)
  object space 86016K, 3% used [0x000000008e400000,0x000000008e6eade0,0x0000000093800000)
 Metaspace       used 16261K, capacity 16432K, committed 16768K, reserved 1064960K
  class space    used 1767K, capacity 1837K, committed 1920K, reserved 1048576K
}
Event: 3.732 GC heap before
{Heap before GC invocations=5 (full 0):
 PSYoungGen      total 70656K, used 70645K [0x00000000da180000, 0x00000000deb80000, 0x0000000100000000)
  eden space 65536K, 100% used [0x00000000da180000,0x00000000de180000,0x00000000de180000)
  from space 5120K, 99% used [0x00000000de680000,0x00000000deb7d790,0x00000000deb80000)
  to   space 5120K, 0% used [0x00000000de180000,0x00000000de180000,0x00000000de680000)
 ParOldGen       total 86016K, used 2987K [0x000000008e400000, 0x0000000093800000, 0x00000000da180000)
  object space 86016K, 3% used [0x000000008e400000,0x000000008e6eade0,0x0000000093800000)
 Metaspace       used 20671K, capacity 20936K, committed 21120K, reserved 1069056K
  class space    used 2310K, capacity 2415K, committed 2432K, reserved 1048576K
Event: 3.757 GC heap after
Heap after GC invocations=5 (full 0):
 PSYoungGen      total 70656K, used 5097K [0x00000000da180000, 0x00000000e3780000, 0x0000000100000000)
  eden space 65536K, 0% used [0x00000000da180000,0x00000000da180000,0x00000000de180000)
  from space 5120K, 99% used [0x00000000de180000,0x00000000de67a688,0x00000000de680000)
  to   space 11264K, 0% used [0x00000000e2c80000,0x00000000e2c80000,0x00000000e3780000)
 ParOldGen       total 86016K, used 8912K [0x000000008e400000, 0x0000000093800000, 0x00000000da180000)
  object space 86016K, 10% used [0x000000008e400000,0x000000008ecb43d8,0x0000000093800000)
 Metaspace       used 20671K, capacity 20936K, committed 21120K, reserved 1069056K
  class space    used 2310K, capacity 2415K, committed 2432K, reserved 1048576K
}
Event: 4.000 GC heap before
{Heap before GC invocations=6 (full 0):
 PSYoungGen      total 70656K, used 19347K [0x00000000da180000, 0x00000000e3780000, 0x0000000100000000)
  eden space 65536K, 21% used [0x00000000da180000,0x00000000daf6a878,0x00000000de180000)
  from space 5120K, 99% used [0x00000000de180000,0x00000000de67a688,0x00000000de680000)
  to   space 11264K, 0% used [0x00000000e2c80000,0x00000000e2c80000,0x00000000e3780000)
 ParOldGen       total 86016K, used 8912K [0x000000008e400000, 0x0000000093800000, 0x00000000da180000)
  object space 86016K, 10% used [0x000000008e400000,0x000000008ecb43d8,0x0000000093800000)
 Metaspace       used 20855K, capacity 21134K, committed 21296K, reserved 1069056K
  class space    used 2323K, capacity 2417K, committed 2432K, reserved 1048576K
Event: 4.017 GC heap after
Heap after GC invocations=6 (full 0):
 PSYoungGen      total 142336K, used 8009K [0x00000000da180000, 0x00000000e3780000, 0x0000000100000000)
  eden space 131072K, 0% used [0x00000000da180000,0x00000000da180000,0x00000000e2180000)
  from space 11264K, 71% used [0x00000000e2c80000,0x00000000e3452688,0x00000000e3780000)
  to   space 11264K, 0% used [0x00000000e2180000,0x00000000e2180000,0x00000000e2c80000)
 ParOldGen       total 86016K, used 8912K [0x000000008e400000, 0x0000000093800000, 0x00000000da180000)
  object space 86016K, 10% used [0x000000008e400000,0x000000008ecb43d8,0x0000000093800000)
 Metaspace       used 20855K, capacity 21134K, committed 21296K, reserved 1069056K
  class space    used 2323K, capacity 2417K, committed 2432K, reserved 1048576K
}
Event: 4.017 GC heap before
{Heap before GC invocations=7 (full 1):
 PSYoungGen      total 142336K, used 8009K [0x00000000da180000, 0x00000000e3780000, 0x0000000100000000)
  eden space 131072K, 0% used [0x00000000da180000,0x00000000da180000,0x00000000e2180000)
  from space 11264K, 71% used [0x00000000e2c80000,0x00000000e3452688,0x00000000e3780000)
  to   space 11264K, 0% used [0x00000000e2180000,0x00000000e2180000,0x00000000e2c80000)
 ParOldGen       total 86016K, used 8912K [0x000000008e400000, 0x0000000093800000, 0x00000000da180000)
  object space 86016K, 10% used [0x000000008e400000,0x000000008ecb43d8,0x0000000093800000)
 Metaspace       used 20855K, capacity 21134K, committed 21296K, reserved 1069056K
  class space    used 2323K, capacity 2417K, committed 2432K, reserved 1048576K
Event: 4.138 GC heap after
Heap after GC invocations=7 (full 1):
 PSYoungGen      total 142336K, used 0K [0x00000000da180000, 0x00000000e3780000, 0x0000000100000000)
  eden space 131072K, 0% used [0x00000000da180000,0x00000000da180000,0x00000000e2180000)
  from space 11264K, 0% used [0x00000000e2c80000,0x00000000e2c80000,0x00000000e3780000)
  to   space 11264K, 0% used [0x00000000e2180000,0x00000000e2180000,0x00000000e2c80000)
 ParOldGen       total 69632K, used 14486K [0x000000008e400000, 0x0000000092800000, 0x00000000da180000)
  object space 69632K, 20% used [0x000000008e400000,0x000000008f225808,0x0000000092800000)
 Metaspace       used 20855K, capacity 21134K, committed 21296K, reserved 1069056K
  class space    used 2323K, capacity 2417K, committed 2432K, reserved 1048576K
}

